2019-04-19 22:13:27,476 - INFO - allennlp.common.params - evaluate_on_test = False
2019-04-19 22:13:27,476 - INFO - allennlp.common.from_params - instantiating class <class 'allennlp.data.dataset_readers.dataset_reader.DatasetReader'> from params {'token_indexers': {'tokens': {'type': 'elmo_characters'}}, 'type': 'sst_tokens'} and extras set()
2019-04-19 22:13:27,476 - INFO - allennlp.common.params - dataset_reader.type = sst_tokens
2019-04-19 22:13:27,476 - INFO - allennlp.common.from_params - instantiating class <class 'allennlp.data.dataset_readers.stanford_sentiment_tree_bank.StanfordSentimentTreeBankDatasetReader'> from params {'token_indexers': {'tokens': {'type': 'elmo_characters'}}} and extras set()
2019-04-19 22:13:27,476 - INFO - allennlp.common.from_params - instantiating class allennlp.data.token_indexers.token_indexer.TokenIndexer from params {'type': 'elmo_characters'} and extras set()
2019-04-19 22:13:27,476 - INFO - allennlp.common.params - dataset_reader.token_indexers.tokens.type = elmo_characters
2019-04-19 22:13:27,476 - INFO - allennlp.common.from_params - instantiating class allennlp.data.token_indexers.elmo_indexer.ELMoTokenCharactersIndexer from params {} and extras set()
2019-04-19 22:13:27,477 - INFO - allennlp.common.params - dataset_reader.token_indexers.tokens.namespace = elmo_characters
2019-04-19 22:13:27,477 - INFO - allennlp.common.params - dataset_reader.token_indexers.tokens.tokens_to_add = None
2019-04-19 22:13:27,477 - INFO - allennlp.common.params - dataset_reader.use_subtrees = False
2019-04-19 22:13:27,477 - INFO - allennlp.common.params - dataset_reader.granularity = 5-class
2019-04-19 22:13:27,477 - INFO - allennlp.common.params - dataset_reader.lazy = False
2019-04-19 22:13:27,477 - INFO - allennlp.common.params - validation_dataset_reader = None
2019-04-19 22:13:27,477 - INFO - allennlp.common.params - train_data_path = data/trees/train.txt
2019-04-19 22:13:27,477 - INFO - allennlp.training.util - Reading training data from data/trees/train.txt
2019-04-19 22:13:27,477 - INFO - allennlp.data.dataset_readers.stanford_sentiment_tree_bank - Reading instances from lines in file at: data/trees/train.txt
2019-04-19 22:13:29,102 - INFO - allennlp.common.params - validation_data_path = data/trees/dev.txt
2019-04-19 22:13:29,102 - INFO - allennlp.training.util - Reading validation data from data/trees/dev.txt
2019-04-19 22:13:29,102 - INFO - allennlp.data.dataset_readers.stanford_sentiment_tree_bank - Reading instances from lines in file at: data/trees/dev.txt
2019-04-19 22:13:29,368 - INFO - allennlp.common.params - test_data_path = None
2019-04-19 22:13:29,368 - INFO - allennlp.training.trainer - From dataset instances, validation, train will be considered for vocabulary creation.
2019-04-19 22:13:29,368 - INFO - allennlp.common.params - vocabulary.type = None
2019-04-19 22:13:29,368 - INFO - allennlp.common.params - vocabulary.extend = False
2019-04-19 22:13:29,368 - INFO - allennlp.common.params - vocabulary.directory_path = None
2019-04-19 22:13:29,368 - INFO - allennlp.common.params - vocabulary.max_vocab_size = None
2019-04-19 22:13:29,368 - INFO - allennlp.common.params - vocabulary.non_padded_namespaces = ('*tags', '*labels')
2019-04-19 22:13:29,368 - INFO - allennlp.common.params - vocabulary.min_pretrained_embeddings = None
2019-04-19 22:13:29,369 - INFO - allennlp.common.params - vocabulary.only_include_pretrained_words = False
2019-04-19 22:13:29,369 - INFO - allennlp.common.params - vocabulary.tokens_to_add = None
2019-04-19 22:13:29,369 - INFO - allennlp.data.vocabulary - Fitting token dictionary from dataset.
2019-04-19 22:13:29,411 - INFO - allennlp.common.from_params - instantiating class <class 'allennlp.models.model.Model'> from params {'encoder': {'batch_first': 'True', 'hidden_size': 128, 'input_size': 256, 'type': 'lstm'}, 'type': 'lstm_classifier', 'word_embeddings': {'tokens': {'do_layer_norm': False, 'dropout': 0.5, 'options_file': 'https://s3-us-west-2.amazonaws.com/allennlp/models/elmo/2x1024_128_2048cnn_1xhighway/elmo_2x1024_128_2048cnn_1xhighway_options.json', 'type': 'elmo_token_embedder', 'weight_file': 'https://s3-us-west-2.amazonaws.com/allennlp/models/elmo/2x1024_128_2048cnn_1xhighway/elmo_2x1024_128_2048cnn_1xhighway_weights.hdf5'}}} and extras {'vocab'}
2019-04-19 22:13:29,411 - INFO - allennlp.common.params - model.type = lstm_classifier
2019-04-19 22:13:29,411 - INFO - allennlp.common.from_params - instantiating class <class 'library.models.lstm_classifier.LstmClassifier'> from params {'encoder': {'batch_first': 'True', 'hidden_size': 128, 'input_size': 256, 'type': 'lstm'}, 'word_embeddings': {'tokens': {'do_layer_norm': False, 'dropout': 0.5, 'options_file': 'https://s3-us-west-2.amazonaws.com/allennlp/models/elmo/2x1024_128_2048cnn_1xhighway/elmo_2x1024_128_2048cnn_1xhighway_options.json', 'type': 'elmo_token_embedder', 'weight_file': 'https://s3-us-west-2.amazonaws.com/allennlp/models/elmo/2x1024_128_2048cnn_1xhighway/elmo_2x1024_128_2048cnn_1xhighway_weights.hdf5'}}} and extras {'vocab'}
2019-04-19 22:13:29,411 - INFO - allennlp.common.from_params - instantiating class <class 'allennlp.modules.text_field_embedders.text_field_embedder.TextFieldEmbedder'> from params {'tokens': {'do_layer_norm': False, 'dropout': 0.5, 'options_file': 'https://s3-us-west-2.amazonaws.com/allennlp/models/elmo/2x1024_128_2048cnn_1xhighway/elmo_2x1024_128_2048cnn_1xhighway_options.json', 'type': 'elmo_token_embedder', 'weight_file': 'https://s3-us-west-2.amazonaws.com/allennlp/models/elmo/2x1024_128_2048cnn_1xhighway/elmo_2x1024_128_2048cnn_1xhighway_weights.hdf5'}} and extras {'vocab'}
2019-04-19 22:13:29,411 - INFO - allennlp.common.params - model.word_embeddings.type = basic
2019-04-19 22:13:29,411 - INFO - allennlp.common.params - model.word_embeddings.embedder_to_indexer_map = None
2019-04-19 22:13:29,411 - INFO - allennlp.common.params - model.word_embeddings.allow_unmatched_keys = False
2019-04-19 22:13:29,411 - INFO - allennlp.common.params - model.word_embeddings.token_embedders = None
2019-04-19 22:13:29,412 - INFO - allennlp.common.from_params - instantiating class <class 'allennlp.modules.token_embedders.token_embedder.TokenEmbedder'> from params {'do_layer_norm': False, 'dropout': 0.5, 'options_file': 'https://s3-us-west-2.amazonaws.com/allennlp/models/elmo/2x1024_128_2048cnn_1xhighway/elmo_2x1024_128_2048cnn_1xhighway_options.json', 'type': 'elmo_token_embedder', 'weight_file': 'https://s3-us-west-2.amazonaws.com/allennlp/models/elmo/2x1024_128_2048cnn_1xhighway/elmo_2x1024_128_2048cnn_1xhighway_weights.hdf5'} and extras {'vocab'}
2019-04-19 22:13:29,412 - INFO - allennlp.common.params - model.word_embeddings.tokens.type = elmo_token_embedder
2019-04-19 22:13:31,478 - INFO - allennlp.common.params - model.word_embeddings.tokens.options_file = https://s3-us-west-2.amazonaws.com/allennlp/models/elmo/2x1024_128_2048cnn_1xhighway/elmo_2x1024_128_2048cnn_1xhighway_options.json
2019-04-19 22:13:31,479 - INFO - allennlp.common.params - model.word_embeddings.tokens.weight_file = https://s3-us-west-2.amazonaws.com/allennlp/models/elmo/2x1024_128_2048cnn_1xhighway/elmo_2x1024_128_2048cnn_1xhighway_weights.hdf5
2019-04-19 22:13:31,479 - INFO - allennlp.common.params - model.word_embeddings.tokens.requires_grad = False
2019-04-19 22:13:31,479 - INFO - allennlp.common.params - model.word_embeddings.tokens.do_layer_norm = False
2019-04-19 22:13:31,479 - INFO - allennlp.common.params - model.word_embeddings.tokens.dropout = 0.5
2019-04-19 22:13:31,479 - INFO - allennlp.common.params - model.word_embeddings.tokens.namespace_to_cache = None
2019-04-19 22:13:31,479 - INFO - allennlp.common.params - model.word_embeddings.tokens.projection_dim = None
2019-04-19 22:13:31,479 - INFO - allennlp.common.params - model.word_embeddings.tokens.scalar_mix_parameters = None
2019-04-19 22:13:31,479 - INFO - allennlp.modules.elmo - Initializing ELMo
2019-04-19 22:13:51,188 - INFO - allennlp.common.from_params - instantiating class <class 'allennlp.modules.seq2vec_encoders.seq2vec_encoder.Seq2VecEncoder'> from params {'batch_first': 'True', 'hidden_size': 128, 'input_size': 256, 'type': 'lstm'} and extras {'vocab'}
2019-04-19 22:13:51,188 - INFO - allennlp.common.params - model.encoder.type = lstm
2019-04-19 22:13:51,188 - INFO - allennlp.common.params - model.encoder.batch_first = True
2019-04-19 22:13:51,188 - INFO - allennlp.common.params - Converting Params object to dict; logging of default values will not occur when dictionary parameters are used subsequently.
2019-04-19 22:13:51,188 - INFO - allennlp.common.params - CURRENTLY DEFINED PARAMETERS: 
2019-04-19 22:13:51,188 - INFO - allennlp.common.params - model.encoder.hidden_size = 128
2019-04-19 22:13:51,188 - INFO - allennlp.common.params - model.encoder.input_size = 256
2019-04-19 22:13:51,188 - INFO - allennlp.common.params - model.encoder.batch_first = True
2019-04-19 22:13:51,190 - INFO - allennlp.common.params - model.positive_label = 4
2019-04-19 22:13:51,190 - INFO - allennlp.common.from_params - instantiating class <class 'allennlp.data.iterators.data_iterator.DataIterator'> from params {'batch_size': 32, 'sorting_keys': [['tokens', 'num_tokens']], 'type': 'bucket'} and extras set()
2019-04-19 22:13:51,190 - INFO - allennlp.common.params - iterator.type = bucket
2019-04-19 22:13:51,190 - INFO - allennlp.common.from_params - instantiating class <class 'allennlp.data.iterators.bucket_iterator.BucketIterator'> from params {'batch_size': 32, 'sorting_keys': [['tokens', 'num_tokens']]} and extras set()
2019-04-19 22:13:51,190 - INFO - allennlp.common.params - iterator.sorting_keys = [['tokens', 'num_tokens']]
2019-04-19 22:13:51,191 - INFO - allennlp.common.params - iterator.padding_noise = 0.1
2019-04-19 22:13:51,191 - INFO - allennlp.common.params - iterator.biggest_batch_first = False
2019-04-19 22:13:51,191 - INFO - allennlp.common.params - iterator.batch_size = 32
2019-04-19 22:13:51,191 - INFO - allennlp.common.params - iterator.instances_per_epoch = None
2019-04-19 22:13:51,191 - INFO - allennlp.common.params - iterator.max_instances_in_memory = None
2019-04-19 22:13:51,191 - INFO - allennlp.common.params - iterator.cache_instances = False
2019-04-19 22:13:51,191 - INFO - allennlp.common.params - iterator.track_epoch = False
2019-04-19 22:13:51,191 - INFO - allennlp.common.params - iterator.maximum_samples_per_batch = None
2019-04-19 22:13:51,191 - INFO - allennlp.common.params - validation_iterator = None
2019-04-19 22:13:51,191 - INFO - allennlp.common.params - trainer.no_grad = ()
2019-04-19 22:13:51,191 - INFO - allennlp.training.trainer - Following parameters are Frozen  (without gradient):
2019-04-19 22:13:51,191 - INFO - allennlp.training.trainer - word_embeddings.token_embedder_tokens._elmo._elmo_lstm._token_embedder._char_embedding_weights
2019-04-19 22:13:51,191 - INFO - allennlp.training.trainer - word_embeddings.token_embedder_tokens._elmo._elmo_lstm._token_embedder.char_conv_0.weight
2019-04-19 22:13:51,192 - INFO - allennlp.training.trainer - word_embeddings.token_embedder_tokens._elmo._elmo_lstm._token_embedder.char_conv_0.bias
2019-04-19 22:13:51,192 - INFO - allennlp.training.trainer - word_embeddings.token_embedder_tokens._elmo._elmo_lstm._token_embedder.char_conv_1.weight
2019-04-19 22:13:51,192 - INFO - allennlp.training.trainer - word_embeddings.token_embedder_tokens._elmo._elmo_lstm._token_embedder.char_conv_1.bias
2019-04-19 22:13:51,192 - INFO - allennlp.training.trainer - word_embeddings.token_embedder_tokens._elmo._elmo_lstm._token_embedder.char_conv_2.weight
2019-04-19 22:13:51,192 - INFO - allennlp.training.trainer - word_embeddings.token_embedder_tokens._elmo._elmo_lstm._token_embedder.char_conv_2.bias
2019-04-19 22:13:51,192 - INFO - allennlp.training.trainer - word_embeddings.token_embedder_tokens._elmo._elmo_lstm._token_embedder.char_conv_3.weight
2019-04-19 22:13:51,192 - INFO - allennlp.training.trainer - word_embeddings.token_embedder_tokens._elmo._elmo_lstm._token_embedder.char_conv_3.bias
2019-04-19 22:13:51,192 - INFO - allennlp.training.trainer - word_embeddings.token_embedder_tokens._elmo._elmo_lstm._token_embedder.char_conv_4.weight
2019-04-19 22:13:51,192 - INFO - allennlp.training.trainer - word_embeddings.token_embedder_tokens._elmo._elmo_lstm._token_embedder.char_conv_4.bias
2019-04-19 22:13:51,192 - INFO - allennlp.training.trainer - word_embeddings.token_embedder_tokens._elmo._elmo_lstm._token_embedder.char_conv_5.weight
2019-04-19 22:13:51,192 - INFO - allennlp.training.trainer - word_embeddings.token_embedder_tokens._elmo._elmo_lstm._token_embedder.char_conv_5.bias
2019-04-19 22:13:51,192 - INFO - allennlp.training.trainer - word_embeddings.token_embedder_tokens._elmo._elmo_lstm._token_embedder.char_conv_6.weight
2019-04-19 22:13:51,192 - INFO - allennlp.training.trainer - word_embeddings.token_embedder_tokens._elmo._elmo_lstm._token_embedder.char_conv_6.bias
2019-04-19 22:13:51,192 - INFO - allennlp.training.trainer - word_embeddings.token_embedder_tokens._elmo._elmo_lstm._token_embedder._highways._layers.0.weight
2019-04-19 22:13:51,192 - INFO - allennlp.training.trainer - word_embeddings.token_embedder_tokens._elmo._elmo_lstm._token_embedder._highways._layers.0.bias
2019-04-19 22:13:51,192 - INFO - allennlp.training.trainer - word_embeddings.token_embedder_tokens._elmo._elmo_lstm._token_embedder._projection.weight
2019-04-19 22:13:51,192 - INFO - allennlp.training.trainer - word_embeddings.token_embedder_tokens._elmo._elmo_lstm._token_embedder._projection.bias
2019-04-19 22:13:51,192 - INFO - allennlp.training.trainer - word_embeddings.token_embedder_tokens._elmo._elmo_lstm._elmo_lstm.forward_layer_0.input_linearity.weight
2019-04-19 22:13:51,192 - INFO - allennlp.training.trainer - word_embeddings.token_embedder_tokens._elmo._elmo_lstm._elmo_lstm.forward_layer_0.state_linearity.weight
2019-04-19 22:13:51,192 - INFO - allennlp.training.trainer - word_embeddings.token_embedder_tokens._elmo._elmo_lstm._elmo_lstm.forward_layer_0.state_linearity.bias
2019-04-19 22:13:51,192 - INFO - allennlp.training.trainer - word_embeddings.token_embedder_tokens._elmo._elmo_lstm._elmo_lstm.forward_layer_0.state_projection.weight
2019-04-19 22:13:51,192 - INFO - allennlp.training.trainer - word_embeddings.token_embedder_tokens._elmo._elmo_lstm._elmo_lstm.backward_layer_0.input_linearity.weight
2019-04-19 22:13:51,192 - INFO - allennlp.training.trainer - word_embeddings.token_embedder_tokens._elmo._elmo_lstm._elmo_lstm.backward_layer_0.state_linearity.weight
2019-04-19 22:13:51,192 - INFO - allennlp.training.trainer - word_embeddings.token_embedder_tokens._elmo._elmo_lstm._elmo_lstm.backward_layer_0.state_linearity.bias
2019-04-19 22:13:51,192 - INFO - allennlp.training.trainer - word_embeddings.token_embedder_tokens._elmo._elmo_lstm._elmo_lstm.backward_layer_0.state_projection.weight
2019-04-19 22:13:51,192 - INFO - allennlp.training.trainer - word_embeddings.token_embedder_tokens._elmo._elmo_lstm._elmo_lstm.forward_layer_1.input_linearity.weight
2019-04-19 22:13:51,193 - INFO - allennlp.training.trainer - word_embeddings.token_embedder_tokens._elmo._elmo_lstm._elmo_lstm.forward_layer_1.state_linearity.weight
2019-04-19 22:13:51,193 - INFO - allennlp.training.trainer - word_embeddings.token_embedder_tokens._elmo._elmo_lstm._elmo_lstm.forward_layer_1.state_linearity.bias
2019-04-19 22:13:51,193 - INFO - allennlp.training.trainer - word_embeddings.token_embedder_tokens._elmo._elmo_lstm._elmo_lstm.forward_layer_1.state_projection.weight
2019-04-19 22:13:51,193 - INFO - allennlp.training.trainer - word_embeddings.token_embedder_tokens._elmo._elmo_lstm._elmo_lstm.backward_layer_1.input_linearity.weight
2019-04-19 22:13:51,193 - INFO - allennlp.training.trainer - word_embeddings.token_embedder_tokens._elmo._elmo_lstm._elmo_lstm.backward_layer_1.state_linearity.weight
2019-04-19 22:13:51,193 - INFO - allennlp.training.trainer - word_embeddings.token_embedder_tokens._elmo._elmo_lstm._elmo_lstm.backward_layer_1.state_linearity.bias
2019-04-19 22:13:51,193 - INFO - allennlp.training.trainer - word_embeddings.token_embedder_tokens._elmo._elmo_lstm._elmo_lstm.backward_layer_1.state_projection.weight
2019-04-19 22:13:51,193 - INFO - allennlp.training.trainer - Following parameters are Tunable (with gradient):
2019-04-19 22:13:51,193 - INFO - allennlp.training.trainer - word_embeddings.token_embedder_tokens._elmo.scalar_mix_0.gamma
2019-04-19 22:13:51,193 - INFO - allennlp.training.trainer - word_embeddings.token_embedder_tokens._elmo.scalar_mix_0.scalar_parameters.0
2019-04-19 22:13:51,193 - INFO - allennlp.training.trainer - word_embeddings.token_embedder_tokens._elmo.scalar_mix_0.scalar_parameters.1
2019-04-19 22:13:51,193 - INFO - allennlp.training.trainer - word_embeddings.token_embedder_tokens._elmo.scalar_mix_0.scalar_parameters.2
2019-04-19 22:13:51,193 - INFO - allennlp.training.trainer - encoder._module.weight_ih_l0
2019-04-19 22:13:51,193 - INFO - allennlp.training.trainer - encoder._module.weight_hh_l0
2019-04-19 22:13:51,193 - INFO - allennlp.training.trainer - encoder._module.bias_ih_l0
2019-04-19 22:13:51,193 - INFO - allennlp.training.trainer - encoder._module.bias_hh_l0
2019-04-19 22:13:51,193 - INFO - allennlp.training.trainer - linear.weight
2019-04-19 22:13:51,193 - INFO - allennlp.training.trainer - linear.bias
2019-04-19 22:13:51,193 - INFO - allennlp.common.params - trainer.patience = 5
2019-04-19 22:13:51,193 - INFO - allennlp.common.params - trainer.validation_metric = -loss
2019-04-19 22:13:51,193 - INFO - allennlp.common.params - trainer.shuffle = True
2019-04-19 22:13:51,193 - INFO - allennlp.common.params - trainer.num_epochs = 20
2019-04-19 22:13:51,193 - INFO - allennlp.common.params - trainer.cuda_device = 0
2019-04-19 22:13:51,193 - INFO - allennlp.common.params - trainer.grad_norm = None
2019-04-19 22:13:51,194 - INFO - allennlp.common.params - trainer.grad_clipping = None
2019-04-19 22:13:51,194 - INFO - allennlp.common.params - trainer.learning_rate_scheduler = None
2019-04-19 22:13:51,194 - INFO - allennlp.common.params - trainer.momentum_scheduler = None
2019-04-19 22:13:52,503 - INFO - allennlp.common.params - trainer.optimizer.type = adam
2019-04-19 22:13:52,503 - INFO - allennlp.common.params - trainer.optimizer.parameter_groups = None
2019-04-19 22:13:52,503 - INFO - allennlp.training.optimizers - Number of trainable parameters: 198281
2019-04-19 22:13:52,503 - INFO - allennlp.common.params - trainer.optimizer.infer_type_and_cast = True
2019-04-19 22:13:52,504 - INFO - allennlp.common.params - Converting Params object to dict; logging of default values will not occur when dictionary parameters are used subsequently.
2019-04-19 22:13:52,504 - INFO - allennlp.common.params - CURRENTLY DEFINED PARAMETERS: 
2019-04-19 22:13:52,504 - INFO - allennlp.common.params - trainer.num_serialized_models_to_keep = 20
2019-04-19 22:13:52,504 - INFO - allennlp.common.params - trainer.keep_serialized_model_every_num_seconds = None
2019-04-19 22:13:52,504 - INFO - allennlp.common.params - trainer.model_save_interval = None
2019-04-19 22:13:52,504 - INFO - allennlp.common.params - trainer.summary_interval = 100
2019-04-19 22:13:52,504 - INFO - allennlp.common.params - trainer.histogram_interval = None
2019-04-19 22:13:52,504 - INFO - allennlp.common.params - trainer.should_log_parameter_statistics = True
2019-04-19 22:13:52,504 - INFO - allennlp.common.params - trainer.should_log_learning_rate = False
2019-04-19 22:13:52,504 - INFO - allennlp.common.params - trainer.log_batch_size_period = None
2019-04-19 22:13:52,527 - INFO - allennlp.training.trainer - Beginning training.
2019-04-19 22:13:52,527 - INFO - allennlp.training.trainer - Epoch 0/19
2019-04-19 22:13:52,528 - INFO - allennlp.training.trainer - Peak CPU memory usage MB: 2149.04
2019-04-19 22:13:52,565 - INFO - allennlp.training.trainer - GPU 0 memory usage MB: 1208
2019-04-19 22:13:52,566 - INFO - allennlp.training.trainer - Training
2019-04-19 22:14:12,478 - INFO - allennlp.training.trainer - Validating
2019-04-19 22:14:14,969 - INFO - allennlp.training.tensorboard_writer -                     Training |  Validation
2019-04-19 22:14:14,969 - INFO - allennlp.training.tensorboard_writer - recall          |     0.000  |     0.000
2019-04-19 22:14:14,969 - INFO - allennlp.training.tensorboard_writer - loss            |     1.477  |     1.361
2019-04-19 22:14:14,970 - INFO - allennlp.training.tensorboard_writer - precision       |     0.000  |     0.000
2019-04-19 22:14:14,970 - INFO - allennlp.training.tensorboard_writer - gpu_0_memory_MB |  1208.000  |       N/A
2019-04-19 22:14:14,970 - INFO - allennlp.training.tensorboard_writer - accuracy        |     0.348  |     0.402
2019-04-19 22:14:14,970 - INFO - allennlp.training.tensorboard_writer - f1_measure      |     0.000  |     0.000
2019-04-19 22:14:14,970 - INFO - allennlp.training.tensorboard_writer - cpu_memory_MB   |  2149.040  |       N/A
2019-04-19 22:14:15,016 - INFO - allennlp.training.checkpointer - Best validation performance so far. Copying weights to '/tmp/elmo//best.th'.
2019-04-19 22:14:15,052 - INFO - allennlp.training.trainer - Epoch duration: 00:00:22
2019-04-19 22:14:15,052 - INFO - allennlp.training.trainer - Estimated training time remaining: 0:07:07
2019-04-19 22:14:15,052 - INFO - allennlp.training.trainer - Epoch 1/19
2019-04-19 22:14:15,052 - INFO - allennlp.training.trainer - Peak CPU memory usage MB: 2755.588
2019-04-19 22:14:15,101 - INFO - allennlp.training.trainer - GPU 0 memory usage MB: 2752
2019-04-19 22:14:15,102 - INFO - allennlp.training.trainer - Training
2019-04-19 22:14:34,881 - INFO - allennlp.training.trainer - Validating
2019-04-19 22:14:37,373 - INFO - allennlp.training.tensorboard_writer -                     Training |  Validation
2019-04-19 22:14:37,380 - INFO - allennlp.training.tensorboard_writer - recall          |     0.047  |     0.000
2019-04-19 22:14:37,380 - INFO - allennlp.training.tensorboard_writer - loss            |     1.385  |     1.315
2019-04-19 22:14:37,381 - INFO - allennlp.training.tensorboard_writer - precision       |     0.421  |     0.000
2019-04-19 22:14:37,381 - INFO - allennlp.training.tensorboard_writer - gpu_0_memory_MB |  2752.000  |       N/A
2019-04-19 22:14:37,381 - INFO - allennlp.training.tensorboard_writer - accuracy        |     0.397  |     0.424
2019-04-19 22:14:37,381 - INFO - allennlp.training.tensorboard_writer - f1_measure      |     0.084  |     0.000
2019-04-19 22:14:37,382 - INFO - allennlp.training.tensorboard_writer - cpu_memory_MB   |  2755.588  |       N/A
2019-04-19 22:14:37,428 - INFO - allennlp.training.checkpointer - Best validation performance so far. Copying weights to '/tmp/elmo//best.th'.
2019-04-19 22:14:37,491 - INFO - allennlp.training.trainer - Epoch duration: 00:00:22
2019-04-19 22:14:37,491 - INFO - allennlp.training.trainer - Estimated training time remaining: 0:06:44
2019-04-19 22:14:37,491 - INFO - allennlp.training.trainer - Epoch 2/19
2019-04-19 22:14:37,491 - INFO - allennlp.training.trainer - Peak CPU memory usage MB: 2756.864
2019-04-19 22:14:37,542 - INFO - allennlp.training.trainer - GPU 0 memory usage MB: 2752
2019-04-19 22:14:37,543 - INFO - allennlp.training.trainer - Training
2019-04-19 22:14:57,975 - INFO - allennlp.training.trainer - Validating
2019-04-19 22:15:00,493 - INFO - allennlp.training.tensorboard_writer -                     Training |  Validation
2019-04-19 22:15:00,494 - INFO - allennlp.training.tensorboard_writer - recall          |     0.090  |     0.187
2019-04-19 22:15:00,494 - INFO - allennlp.training.tensorboard_writer - loss            |     1.344  |     1.299
2019-04-19 22:15:00,494 - INFO - allennlp.training.tensorboard_writer - precision       |     0.430  |     0.317
2019-04-19 22:15:00,495 - INFO - allennlp.training.tensorboard_writer - gpu_0_memory_MB |  2752.000  |       N/A
2019-04-19 22:15:00,495 - INFO - allennlp.training.tensorboard_writer - accuracy        |     0.419  |     0.440
2019-04-19 22:15:00,495 - INFO - allennlp.training.tensorboard_writer - f1_measure      |     0.148  |     0.235
2019-04-19 22:15:00,495 - INFO - allennlp.training.tensorboard_writer - cpu_memory_MB   |  2756.864  |       N/A
2019-04-19 22:15:00,543 - INFO - allennlp.training.checkpointer - Best validation performance so far. Copying weights to '/tmp/elmo//best.th'.
2019-04-19 22:15:00,615 - INFO - allennlp.training.trainer - Epoch duration: 00:00:23
2019-04-19 22:15:00,616 - INFO - allennlp.training.trainer - Estimated training time remaining: 0:06:25
2019-04-19 22:15:00,616 - INFO - allennlp.training.trainer - Epoch 3/19
2019-04-19 22:15:00,616 - INFO - allennlp.training.trainer - Peak CPU memory usage MB: 2756.912
2019-04-19 22:15:00,662 - INFO - allennlp.training.trainer - GPU 0 memory usage MB: 2744
2019-04-19 22:15:00,663 - INFO - allennlp.training.trainer - Training
2019-04-19 22:15:21,147 - INFO - allennlp.training.trainer - Validating
2019-04-19 22:15:23,675 - INFO - allennlp.training.tensorboard_writer -                     Training |  Validation
2019-04-19 22:15:23,675 - INFO - allennlp.training.tensorboard_writer - recall          |     0.161  |     0.273
2019-04-19 22:15:23,676 - INFO - allennlp.training.tensorboard_writer - loss            |     1.307  |     1.281
2019-04-19 22:15:23,676 - INFO - allennlp.training.tensorboard_writer - precision       |     0.441  |     0.362
2019-04-19 22:15:23,676 - INFO - allennlp.training.tensorboard_writer - gpu_0_memory_MB |  2744.000  |       N/A
2019-04-19 22:15:23,676 - INFO - allennlp.training.tensorboard_writer - accuracy        |     0.435  |     0.441
2019-04-19 22:15:23,677 - INFO - allennlp.training.tensorboard_writer - f1_measure      |     0.236  |     0.311
2019-04-19 22:15:23,677 - INFO - allennlp.training.tensorboard_writer - cpu_memory_MB   |  2756.912  |       N/A
2019-04-19 22:15:23,726 - INFO - allennlp.training.checkpointer - Best validation performance so far. Copying weights to '/tmp/elmo//best.th'.
2019-04-19 22:15:23,798 - INFO - allennlp.training.trainer - Epoch duration: 00:00:23
2019-04-19 22:15:23,798 - INFO - allennlp.training.trainer - Estimated training time remaining: 0:06:05
2019-04-19 22:15:23,798 - INFO - allennlp.training.trainer - Epoch 4/19
2019-04-19 22:15:23,798 - INFO - allennlp.training.trainer - Peak CPU memory usage MB: 2757.948
2019-04-19 22:15:23,845 - INFO - allennlp.training.trainer - GPU 0 memory usage MB: 2744
2019-04-19 22:15:23,846 - INFO - allennlp.training.trainer - Training
2019-04-19 22:15:44,516 - INFO - allennlp.training.trainer - Validating
2019-04-19 22:15:47,072 - INFO - allennlp.training.tensorboard_writer -                     Training |  Validation
2019-04-19 22:15:47,072 - INFO - allennlp.training.tensorboard_writer - recall          |     0.208  |     0.086
2019-04-19 22:15:47,073 - INFO - allennlp.training.tensorboard_writer - loss            |     1.281  |     1.307
2019-04-19 22:15:47,073 - INFO - allennlp.training.tensorboard_writer - precision       |     0.472  |     0.364
2019-04-19 22:15:47,073 - INFO - allennlp.training.tensorboard_writer - gpu_0_memory_MB |  2744.000  |       N/A
2019-04-19 22:15:47,074 - INFO - allennlp.training.tensorboard_writer - accuracy        |     0.447  |     0.426
2019-04-19 22:15:47,074 - INFO - allennlp.training.tensorboard_writer - f1_measure      |     0.289  |     0.140
2019-04-19 22:15:47,074 - INFO - allennlp.training.tensorboard_writer - cpu_memory_MB   |  2757.948  |       N/A
2019-04-19 22:15:47,124 - INFO - allennlp.training.trainer - Epoch duration: 00:00:23
2019-04-19 22:15:47,124 - INFO - allennlp.training.trainer - Estimated training time remaining: 0:05:43
2019-04-19 22:15:47,124 - INFO - allennlp.training.trainer - Epoch 5/19
2019-04-19 22:15:47,124 - INFO - allennlp.training.trainer - Peak CPU memory usage MB: 2758.02
2019-04-19 22:15:47,177 - INFO - allennlp.training.trainer - GPU 0 memory usage MB: 2752
2019-04-19 22:15:47,178 - INFO - allennlp.training.trainer - Training
2019-04-19 22:16:07,995 - INFO - allennlp.training.trainer - Validating
2019-04-19 22:16:10,579 - INFO - allennlp.training.tensorboard_writer -                     Training |  Validation
2019-04-19 22:16:10,579 - INFO - allennlp.training.tensorboard_writer - recall          |     0.245  |     0.360
2019-04-19 22:16:10,580 - INFO - allennlp.training.tensorboard_writer - loss            |     1.246  |     1.279
2019-04-19 22:16:10,580 - INFO - allennlp.training.tensorboard_writer - precision       |     0.472  |     0.307
2019-04-19 22:16:10,580 - INFO - allennlp.training.tensorboard_writer - gpu_0_memory_MB |  2752.000  |       N/A
2019-04-19 22:16:10,580 - INFO - allennlp.training.tensorboard_writer - accuracy        |     0.465  |     0.432
2019-04-19 22:16:10,581 - INFO - allennlp.training.tensorboard_writer - f1_measure      |     0.323  |     0.331
2019-04-19 22:16:10,581 - INFO - allennlp.training.tensorboard_writer - cpu_memory_MB   |  2758.020  |       N/A
2019-04-19 22:16:10,631 - INFO - allennlp.training.checkpointer - Best validation performance so far. Copying weights to '/tmp/elmo//best.th'.
2019-04-19 22:16:10,697 - INFO - allennlp.training.trainer - Epoch duration: 00:00:23
2019-04-19 22:16:10,697 - INFO - allennlp.training.trainer - Estimated training time remaining: 0:05:22
2019-04-19 22:16:10,697 - INFO - allennlp.training.trainer - Epoch 6/19
2019-04-19 22:16:10,698 - INFO - allennlp.training.trainer - Peak CPU memory usage MB: 2758.06
2019-04-19 22:16:10,746 - INFO - allennlp.training.trainer - GPU 0 memory usage MB: 2745
2019-04-19 22:16:10,747 - INFO - allennlp.training.trainer - Training
2019-04-19 22:16:31,702 - INFO - allennlp.training.trainer - Validating
2019-04-19 22:16:34,269 - INFO - allennlp.training.tensorboard_writer -                     Training |  Validation
2019-04-19 22:16:34,269 - INFO - allennlp.training.tensorboard_writer - recall          |     0.288  |     0.338
2019-04-19 22:16:34,270 - INFO - allennlp.training.tensorboard_writer - loss            |     1.212  |     1.289
2019-04-19 22:16:34,270 - INFO - allennlp.training.tensorboard_writer - precision       |     0.527  |     0.370
2019-04-19 22:16:34,271 - INFO - allennlp.training.tensorboard_writer - gpu_0_memory_MB |  2745.000  |       N/A
2019-04-19 22:16:34,271 - INFO - allennlp.training.tensorboard_writer - accuracy        |     0.480  |     0.431
2019-04-19 22:16:34,271 - INFO - allennlp.training.tensorboard_writer - f1_measure      |     0.372  |     0.353
2019-04-19 22:16:34,271 - INFO - allennlp.training.tensorboard_writer - cpu_memory_MB   |  2758.060  |       N/A
2019-04-19 22:16:34,322 - INFO - allennlp.training.trainer - Epoch duration: 00:00:23
2019-04-19 22:16:34,322 - INFO - allennlp.training.trainer - Estimated training time remaining: 0:05:00
2019-04-19 22:16:34,322 - INFO - allennlp.training.trainer - Epoch 7/19
2019-04-19 22:16:34,322 - INFO - allennlp.training.trainer - Peak CPU memory usage MB: 2758.06
2019-04-19 22:16:34,372 - INFO - allennlp.training.trainer - GPU 0 memory usage MB: 2753
2019-04-19 22:16:34,373 - INFO - allennlp.training.trainer - Training
2019-04-19 22:16:55,157 - INFO - allennlp.training.trainer - Validating
2019-04-19 22:16:57,729 - INFO - allennlp.training.tensorboard_writer -                     Training |  Validation
2019-04-19 22:16:57,729 - INFO - allennlp.training.tensorboard_writer - recall          |     0.309  |     0.237
2019-04-19 22:16:57,729 - INFO - allennlp.training.tensorboard_writer - loss            |     1.186  |     1.278
2019-04-19 22:16:57,730 - INFO - allennlp.training.tensorboard_writer - precision       |     0.525  |     0.355
2019-04-19 22:16:57,730 - INFO - allennlp.training.tensorboard_writer - gpu_0_memory_MB |  2753.000  |       N/A
2019-04-19 22:16:57,730 - INFO - allennlp.training.tensorboard_writer - accuracy        |     0.492  |     0.444
2019-04-19 22:16:57,731 - INFO - allennlp.training.tensorboard_writer - f1_measure      |     0.389  |     0.284
2019-04-19 22:16:57,731 - INFO - allennlp.training.tensorboard_writer - cpu_memory_MB   |  2758.060  |       N/A
2019-04-19 22:16:57,781 - INFO - allennlp.training.checkpointer - Best validation performance so far. Copying weights to '/tmp/elmo//best.th'.
2019-04-19 22:16:57,856 - INFO - allennlp.training.trainer - Epoch duration: 00:00:23
2019-04-19 22:16:57,856 - INFO - allennlp.training.trainer - Estimated training time remaining: 0:04:37
2019-04-19 22:16:57,857 - INFO - allennlp.training.trainer - Epoch 8/19
2019-04-19 22:16:57,857 - INFO - allennlp.training.trainer - Peak CPU memory usage MB: 2758.164
2019-04-19 22:16:57,905 - INFO - allennlp.training.trainer - GPU 0 memory usage MB: 2745
2019-04-19 22:16:57,906 - INFO - allennlp.training.trainer - Training
2019-04-19 22:17:18,885 - INFO - allennlp.training.trainer - Validating
2019-04-19 22:17:21,475 - INFO - allennlp.training.tensorboard_writer -                     Training |  Validation
2019-04-19 22:17:21,476 - INFO - allennlp.training.tensorboard_writer - recall          |     0.394  |     0.309
2019-04-19 22:17:21,476 - INFO - allennlp.training.tensorboard_writer - loss            |     1.149  |     1.306
2019-04-19 22:17:21,476 - INFO - allennlp.training.tensorboard_writer - precision       |     0.540  |     0.341
2019-04-19 22:17:21,477 - INFO - allennlp.training.tensorboard_writer - gpu_0_memory_MB |  2745.000  |       N/A
2019-04-19 22:17:21,477 - INFO - allennlp.training.tensorboard_writer - accuracy        |     0.519  |     0.445
2019-04-19 22:17:21,477 - INFO - allennlp.training.tensorboard_writer - f1_measure      |     0.456  |     0.325
2019-04-19 22:17:21,477 - INFO - allennlp.training.tensorboard_writer - cpu_memory_MB   |  2758.164  |       N/A
2019-04-19 22:17:21,528 - INFO - allennlp.training.trainer - Epoch duration: 00:00:23
2019-04-19 22:17:21,528 - INFO - allennlp.training.trainer - Estimated training time remaining: 0:04:15
2019-04-19 22:17:21,528 - INFO - allennlp.training.trainer - Epoch 9/19
2019-04-19 22:17:21,528 - INFO - allennlp.training.trainer - Peak CPU memory usage MB: 2758.164
2019-04-19 22:17:21,583 - INFO - allennlp.training.trainer - GPU 0 memory usage MB: 2753
2019-04-19 22:17:21,584 - INFO - allennlp.training.trainer - Training
2019-04-19 22:17:42,682 - INFO - allennlp.training.trainer - Validating
2019-04-19 22:17:45,316 - INFO - allennlp.training.tensorboard_writer -                     Training |  Validation
2019-04-19 22:17:45,317 - INFO - allennlp.training.tensorboard_writer - recall          |     0.377  |     0.281
2019-04-19 22:17:45,317 - INFO - allennlp.training.tensorboard_writer - loss            |     1.111  |     1.336
2019-04-19 22:17:45,317 - INFO - allennlp.training.tensorboard_writer - precision       |     0.518  |     0.333
2019-04-19 22:17:45,318 - INFO - allennlp.training.tensorboard_writer - gpu_0_memory_MB |  2753.000  |       N/A
2019-04-19 22:17:45,318 - INFO - allennlp.training.tensorboard_writer - accuracy        |     0.528  |     0.428
2019-04-19 22:17:45,318 - INFO - allennlp.training.tensorboard_writer - f1_measure      |     0.437  |     0.305
2019-04-19 22:17:45,318 - INFO - allennlp.training.tensorboard_writer - cpu_memory_MB   |  2758.164  |       N/A
2019-04-19 22:17:45,371 - INFO - allennlp.training.trainer - Epoch duration: 00:00:23
2019-04-19 22:17:45,371 - INFO - allennlp.training.trainer - Estimated training time remaining: 0:03:52
2019-04-19 22:17:45,371 - INFO - allennlp.training.trainer - Epoch 10/19
2019-04-19 22:17:45,371 - INFO - allennlp.training.trainer - Peak CPU memory usage MB: 2758.196
2019-04-19 22:17:45,422 - INFO - allennlp.training.trainer - GPU 0 memory usage MB: 2752
2019-04-19 22:17:45,423 - INFO - allennlp.training.trainer - Training
2019-04-19 22:18:06,599 - INFO - allennlp.training.trainer - Validating
2019-04-19 22:18:09,207 - INFO - allennlp.training.tensorboard_writer -                     Training |  Validation
2019-04-19 22:18:09,208 - INFO - allennlp.training.tensorboard_writer - recall          |     0.405  |     0.432
2019-04-19 22:18:09,208 - INFO - allennlp.training.tensorboard_writer - loss            |     1.091  |     1.366
2019-04-19 22:18:09,208 - INFO - allennlp.training.tensorboard_writer - precision       |     0.557  |     0.324
2019-04-19 22:18:09,209 - INFO - allennlp.training.tensorboard_writer - gpu_0_memory_MB |  2752.000  |       N/A
2019-04-19 22:18:09,209 - INFO - allennlp.training.tensorboard_writer - accuracy        |     0.540  |     0.423
2019-04-19 22:18:09,209 - INFO - allennlp.training.tensorboard_writer - f1_measure      |     0.469  |     0.370
2019-04-19 22:18:09,210 - INFO - allennlp.training.tensorboard_writer - cpu_memory_MB   |  2758.196  |       N/A
2019-04-19 22:18:09,261 - INFO - allennlp.training.trainer - Epoch duration: 00:00:23
2019-04-19 22:18:09,262 - INFO - allennlp.training.trainer - Estimated training time remaining: 0:03:30
2019-04-19 22:18:09,262 - INFO - allennlp.training.trainer - Epoch 11/19
2019-04-19 22:18:09,262 - INFO - allennlp.training.trainer - Peak CPU memory usage MB: 2758.196
2019-04-19 22:18:09,313 - INFO - allennlp.training.trainer - GPU 0 memory usage MB: 2746
2019-04-19 22:18:09,313 - INFO - allennlp.training.trainer - Training
2019-04-19 22:18:30,691 - INFO - allennlp.training.trainer - Validating
2019-04-19 22:18:33,311 - INFO - allennlp.training.tensorboard_writer -                     Training |  Validation
2019-04-19 22:18:33,312 - INFO - allennlp.training.tensorboard_writer - recall          |     0.449  |     0.460
2019-04-19 22:18:33,312 - INFO - allennlp.training.tensorboard_writer - loss            |     1.044  |     1.417
2019-04-19 22:18:33,313 - INFO - allennlp.training.tensorboard_writer - precision       |     0.590  |     0.283
2019-04-19 22:18:33,313 - INFO - allennlp.training.tensorboard_writer - gpu_0_memory_MB |  2746.000  |       N/A
2019-04-19 22:18:33,313 - INFO - allennlp.training.tensorboard_writer - accuracy        |     0.566  |     0.402
2019-04-19 22:18:33,313 - INFO - allennlp.training.tensorboard_writer - f1_measure      |     0.510  |     0.351
2019-04-19 22:18:33,314 - INFO - allennlp.training.tensorboard_writer - cpu_memory_MB   |  2758.196  |       N/A
2019-04-19 22:18:33,365 - INFO - allennlp.training.trainer - Epoch duration: 00:00:24
2019-04-19 22:18:33,365 - INFO - allennlp.training.trainer - Estimated training time remaining: 0:03:07
2019-04-19 22:18:33,365 - INFO - allennlp.training.trainer - Epoch 12/19
2019-04-19 22:18:33,365 - INFO - allennlp.training.trainer - Peak CPU memory usage MB: 2758.284
2019-04-19 22:18:33,416 - INFO - allennlp.training.trainer - GPU 0 memory usage MB: 2746
2019-04-19 22:18:33,416 - INFO - allennlp.training.trainer - Training
2019-04-19 22:18:54,864 - INFO - allennlp.training.trainer - Validating
2019-04-19 22:18:57,482 - INFO - allennlp.training.trainer - Ran out of patience.  Stopping training.
2019-04-19 22:18:57,482 - INFO - allennlp.training.checkpointer - loading best weights
